<?xml version="1.0" encoding="UTF-8"?>
<!-- Generated by org.testng.reporters.JUnitXMLReporter -->
<testsuite hostname="Adi" ignored="0" name="Test" tests="20" failures="2" timestamp="10 May 2020 05:35:39 GMT" time="40.098" errors="0">
  <testcase name="basicAuthenticaion" time="8.495" classname="com.demo.BasicAuthentication"/>
  <testcase name="createPetWithData" time="2.648" classname="com.demo.DataProvider_Rest"/>
  <testcase name="createPetWithData" time="1.41" classname="com.demo.DataProvider_Rest"/>
  <testcase name="createPetWithData" time="1.995" classname="com.demo.JsonSchemaValidation"/>
  <testcase name="createPetWithData" time="1.471" classname="com.demo.JsonSchemaValidation"/>
  <testcase name="queryTest" time="1.098" classname="com.demo.QueryParam_Test"/>
  <testcase name="getResponse" time="1.479" classname="com.demo.RestDemo"/>
  <testcase name="getAccessTokenViaPreemptiveAuthentication" time="3.158" classname="com.demo.Oauth2_Test2"/>
  <testcase name="create" time="1.361" classname="com.demo.RestCurdTestNg"/>
  <testcase name="create" time="1.527" classname="com.demo.Deserialization_Cmlx_Rspns"/>
  <testcase name="create" time="1.429" classname="com.demo.RestPathParam"/>
  <testcase name="create" time="1.345" classname="com.demo.RestAssured_Log"/>
  <testcase name="doingPaymentWithOauth2Autentication" time="1.579" classname="com.demo.UploadFileRest">
    <failure type="java.lang.AssertionError" message="expected [200] but found [404]">
      <![CDATA[java.lang.AssertionError: expected [200] but found [404]
	at com.demo.UploadFileRest.doingPaymentWithOauth2Autentication(UploadFileRest.java:27)
... Removed 31 stack frames]]>
    </failure>
  </testcase> <!-- doingPaymentWithOauth2Autentication -->
  <testcase name="getAccessTokenViaPreemptiveAuthentication" time="1.72" classname="com.demo.OAuth2_Test"/>
  <testcase name="update" time="1.567" classname="com.demo.RestCurdTestNg">
    <failure type="java.lang.AssertionError" message="expected [200] but found [404]">
      <![CDATA[java.lang.AssertionError: expected [200] but found [404]
	at com.demo.RestCurdTestNg.update(RestCurdTestNg.java:61)
... Removed 31 stack frames]]>
    </failure>
  </testcase> <!-- update -->
  <testcase name="doingPaymentWithOauth2Autentication" time="1.651" classname="com.demo.OAuth2_Test"/>
  <testcase name="get" time="1.694" classname="com.demo.RestPathParam"/>
  <testcase name="get" time="1.414" classname="com.demo.RestAssured_Log"/>
  <testcase name="get" time="1.467" classname="com.demo.RestCurdTestNg"/>
  <testcase name="delete" time="1.435" classname="com.demo.RestCurdTestNg"/>
</testsuite> <!-- Test -->
