<?xml version="1.0" encoding="UTF-8"?>
<testng-results skipped="0" failed="2" ignored="0" total="18" passed="16">
  <reporter-output>
  </reporter-output>
  <suite name="Suite" duration-ms="40018" started-at="2020-05-09T09:34:58Z" finished-at="2020-05-09T09:35:38Z">
    <groups>
    </groups>
    <test name="Test" duration-ms="40018" started-at="2020-05-09T09:34:58Z" finished-at="2020-05-09T09:35:38Z">
      <class name="com.demo.RestDemo">
        <test-method status="PASS" signature="getResponse()[pri:0, instance:com.demo.RestDemo@4157f54e]" name="getResponse" duration-ms="1483" started-at="2020-05-09T15:05:16Z" finished-at="2020-05-09T15:05:17Z">
          <reporter-output>
          </reporter-output>
        </test-method> <!-- getResponse -->
      </class> <!-- com.demo.RestDemo -->
      <class name="com.demo.UploadFileRest">
        <test-method status="FAIL" signature="doingPaymentWithOauth2Autentication()[pri:1, instance:com.demo.UploadFileRest@614c5515]" name="doingPaymentWithOauth2Autentication" duration-ms="1712" started-at="2020-05-09T15:05:26Z" finished-at="2020-05-09T15:05:27Z">
          <exception class="java.lang.AssertionError">
            <message>
              <![CDATA[expected [200] but found [404]]]>
            </message>
            <full-stacktrace>
              <![CDATA[java.lang.AssertionError: expected [200] but found [404]
	at org.testng.Assert.fail(Assert.java:94)
	at org.testng.Assert.failNotEquals(Assert.java:513)
	at org.testng.Assert.assertEqualsImpl(Assert.java:135)
	at org.testng.Assert.assertEquals(Assert.java:116)
	at org.testng.Assert.assertEquals(Assert.java:389)
	at org.testng.Assert.assertEquals(Assert.java:399)
	at com.demo.UploadFileRest.doingPaymentWithOauth2Autentication(UploadFileRest.java:27)
	at sun.reflect.NativeMethodAccessorImpl.invoke0(Native Method)
	at sun.reflect.NativeMethodAccessorImpl.invoke(NativeMethodAccessorImpl.java:62)
	at sun.reflect.DelegatingMethodAccessorImpl.invoke(DelegatingMethodAccessorImpl.java:43)
	at java.lang.reflect.Method.invoke(Method.java:498)
	at org.testng.internal.MethodInvocationHelper.invokeMethod(MethodInvocationHelper.java:104)
	at org.testng.internal.Invoker.invokeMethod(Invoker.java:645)
	at org.testng.internal.Invoker.invokeTestMethod(Invoker.java:851)
	at org.testng.internal.Invoker.invokeTestMethods(Invoker.java:1177)
	at org.testng.internal.TestMethodWorker.invokeTestMethods(TestMethodWorker.java:129)
	at org.testng.internal.TestMethodWorker.run(TestMethodWorker.java:112)
	at org.testng.TestRunner.privateRun(TestRunner.java:756)
	at org.testng.TestRunner.run(TestRunner.java:610)
	at org.testng.SuiteRunner.runTest(SuiteRunner.java:387)
	at org.testng.SuiteRunner.runSequentially(SuiteRunner.java:382)
	at org.testng.SuiteRunner.privateRun(SuiteRunner.java:340)
	at org.testng.SuiteRunner.run(SuiteRunner.java:289)
	at org.testng.SuiteRunnerWorker.runSuite(SuiteRunnerWorker.java:52)
	at org.testng.SuiteRunnerWorker.run(SuiteRunnerWorker.java:86)
	at org.testng.TestNG.runSuitesSequentially(TestNG.java:1293)
	at org.testng.TestNG.runSuitesLocally(TestNG.java:1218)
	at org.testng.TestNG.runSuites(TestNG.java:1133)
	at org.testng.TestNG.run(TestNG.java:1104)
	at org.apache.maven.surefire.testng.TestNGExecutor.run(TestNGExecutor.java:283)
	at org.apache.maven.surefire.testng.TestNGXmlTestSuite.execute(TestNGXmlTestSuite.java:75)
	at org.apache.maven.surefire.testng.TestNGProvider.invoke(TestNGProvider.java:120)
	at org.apache.maven.surefire.booter.ForkedBooter.invokeProviderInSameClassLoader(ForkedBooter.java:384)
	at org.apache.maven.surefire.booter.ForkedBooter.runSuitesInProcess(ForkedBooter.java:345)
	at org.apache.maven.surefire.booter.ForkedBooter.execute(ForkedBooter.java:126)
	at org.apache.maven.surefire.booter.ForkedBooter.main(ForkedBooter.java:418)
]]>
            </full-stacktrace>
          </exception> <!-- java.lang.AssertionError -->
          <reporter-output>
          </reporter-output>
        </test-method> <!-- doingPaymentWithOauth2Autentication -->
      </class> <!-- com.demo.UploadFileRest -->
      <class name="com.demo.Oauth2_Test2">
        <test-method status="PASS" signature="getAccessTokenViaPreemptiveAuthentication()[pri:1, instance:com.demo.Oauth2_Test2@6fb554cc]" name="getAccessTokenViaPreemptiveAuthentication" duration-ms="2837" started-at="2020-05-09T15:05:17Z" finished-at="2020-05-09T15:05:20Z">
          <reporter-output>
          </reporter-output>
        </test-method> <!-- getAccessTokenViaPreemptiveAuthentication -->
      </class> <!-- com.demo.Oauth2_Test2 -->
      <class name="com.demo.QueryParam_Test">
        <test-method status="PASS" signature="queryTest()[pri:0, instance:com.demo.QueryParam_Test@2d554825]" name="queryTest" duration-ms="1200" started-at="2020-05-09T15:05:15Z" finished-at="2020-05-09T15:05:16Z">
          <reporter-output>
          </reporter-output>
        </test-method> <!-- queryTest -->
      </class> <!-- com.demo.QueryParam_Test -->
      <class name="com.demo.RestCurdTestNg">
        <test-method status="PASS" signature="create()[pri:1, instance:com.demo.RestCurdTestNg@77b52d12]" name="create" duration-ms="1385" started-at="2020-05-09T15:05:20Z" finished-at="2020-05-09T15:05:21Z">
          <reporter-output>
          </reporter-output>
        </test-method> <!-- create -->
        <test-method status="FAIL" signature="update()[pri:2, instance:com.demo.RestCurdTestNg@77b52d12]" name="update" duration-ms="1625" started-at="2020-05-09T15:05:29Z" finished-at="2020-05-09T15:05:31Z">
          <exception class="java.lang.AssertionError">
            <message>
              <![CDATA[expected [200] but found [404]]]>
            </message>
            <full-stacktrace>
              <![CDATA[java.lang.AssertionError: expected [200] but found [404]
	at org.testng.Assert.fail(Assert.java:94)
	at org.testng.Assert.failNotEquals(Assert.java:513)
	at org.testng.Assert.assertEqualsImpl(Assert.java:135)
	at org.testng.Assert.assertEquals(Assert.java:116)
	at org.testng.Assert.assertEquals(Assert.java:389)
	at org.testng.Assert.assertEquals(Assert.java:399)
	at com.demo.RestCurdTestNg.update(RestCurdTestNg.java:61)
	at sun.reflect.NativeMethodAccessorImpl.invoke0(Native Method)
	at sun.reflect.NativeMethodAccessorImpl.invoke(NativeMethodAccessorImpl.java:62)
	at sun.reflect.DelegatingMethodAccessorImpl.invoke(DelegatingMethodAccessorImpl.java:43)
	at java.lang.reflect.Method.invoke(Method.java:498)
	at org.testng.internal.MethodInvocationHelper.invokeMethod(MethodInvocationHelper.java:104)
	at org.testng.internal.Invoker.invokeMethod(Invoker.java:645)
	at org.testng.internal.Invoker.invokeTestMethod(Invoker.java:851)
	at org.testng.internal.Invoker.invokeTestMethods(Invoker.java:1177)
	at org.testng.internal.TestMethodWorker.invokeTestMethods(TestMethodWorker.java:129)
	at org.testng.internal.TestMethodWorker.run(TestMethodWorker.java:112)
	at org.testng.TestRunner.privateRun(TestRunner.java:756)
	at org.testng.TestRunner.run(TestRunner.java:610)
	at org.testng.SuiteRunner.runTest(SuiteRunner.java:387)
	at org.testng.SuiteRunner.runSequentially(SuiteRunner.java:382)
	at org.testng.SuiteRunner.privateRun(SuiteRunner.java:340)
	at org.testng.SuiteRunner.run(SuiteRunner.java:289)
	at org.testng.SuiteRunnerWorker.runSuite(SuiteRunnerWorker.java:52)
	at org.testng.SuiteRunnerWorker.run(SuiteRunnerWorker.java:86)
	at org.testng.TestNG.runSuitesSequentially(TestNG.java:1293)
	at org.testng.TestNG.runSuitesLocally(TestNG.java:1218)
	at org.testng.TestNG.runSuites(TestNG.java:1133)
	at org.testng.TestNG.run(TestNG.java:1104)
	at org.apache.maven.surefire.testng.TestNGExecutor.run(TestNGExecutor.java:283)
	at org.apache.maven.surefire.testng.TestNGXmlTestSuite.execute(TestNGXmlTestSuite.java:75)
	at org.apache.maven.surefire.testng.TestNGProvider.invoke(TestNGProvider.java:120)
	at org.apache.maven.surefire.booter.ForkedBooter.invokeProviderInSameClassLoader(ForkedBooter.java:384)
	at org.apache.maven.surefire.booter.ForkedBooter.runSuitesInProcess(ForkedBooter.java:345)
	at org.apache.maven.surefire.booter.ForkedBooter.execute(ForkedBooter.java:126)
	at org.apache.maven.surefire.booter.ForkedBooter.main(ForkedBooter.java:418)
]]>
            </full-stacktrace>
          </exception> <!-- java.lang.AssertionError -->
          <reporter-output>
          </reporter-output>
        </test-method> <!-- update -->
        <test-method status="PASS" signature="get()[pri:3, instance:com.demo.RestCurdTestNg@77b52d12]" name="get" duration-ms="1369" started-at="2020-05-09T15:05:36Z" finished-at="2020-05-09T15:05:37Z">
          <reporter-output>
          </reporter-output>
        </test-method> <!-- get -->
        <test-method status="PASS" signature="delete()[pri:4, instance:com.demo.RestCurdTestNg@77b52d12]" name="delete" duration-ms="1341" started-at="2020-05-09T15:05:37Z" finished-at="2020-05-09T15:05:38Z">
          <reporter-output>
          </reporter-output>
        </test-method> <!-- delete -->
      </class> <!-- com.demo.RestCurdTestNg -->
      <class name="com.demo.RestPathParam">
        <test-method status="PASS" signature="create()[pri:1, instance:com.demo.RestPathParam@327471b5]" name="create" duration-ms="1361" started-at="2020-05-09T15:05:23Z" finished-at="2020-05-09T15:05:24Z">
          <reporter-output>
          </reporter-output>
        </test-method> <!-- create -->
        <test-method status="PASS" signature="get()[pri:2, instance:com.demo.RestPathParam@327471b5]" name="get" duration-ms="1661" started-at="2020-05-09T15:05:33Z" finished-at="2020-05-09T15:05:34Z">
          <reporter-output>
          </reporter-output>
        </test-method> <!-- get -->
      </class> <!-- com.demo.RestPathParam -->
      <class name="com.demo.Deserialization_Cmlx_Rspns">
        <test-method status="PASS" signature="create()[pri:1, instance:com.demo.Deserialization_Cmlx_Rspns@68837a77]" name="create" duration-ms="1591" started-at="2020-05-09T15:05:21Z" finished-at="2020-05-09T15:05:23Z">
          <reporter-output>
          </reporter-output>
        </test-method> <!-- create -->
      </class> <!-- com.demo.Deserialization_Cmlx_Rspns -->
      <class name="com.demo.RestAssured_Log">
        <test-method status="PASS" signature="create()[pri:1, instance:com.demo.RestAssured_Log@90f6bfd]" name="create" duration-ms="1388" started-at="2020-05-09T15:05:24Z" finished-at="2020-05-09T15:05:26Z">
          <reporter-output>
          </reporter-output>
        </test-method> <!-- create -->
        <test-method status="PASS" signature="get()[pri:2, instance:com.demo.RestAssured_Log@90f6bfd]" name="get" duration-ms="1437" started-at="2020-05-09T15:05:34Z" finished-at="2020-05-09T15:05:36Z">
          <reporter-output>
          </reporter-output>
        </test-method> <!-- get -->
      </class> <!-- com.demo.RestAssured_Log -->
      <class name="com.demo.DataProvider_Rest">
        <test-method status="PASS" signature="createPetWithData(int, int, java.lang.String, java.lang.String, java.lang.String, java.lang.String, java.lang.String, int, java.lang.String, int, java.lang.String, java.lang.String)[pri:0, instance:com.demo.DataProvider_Rest@3567135c]" name="createPetWithData" duration-ms="3057" started-at="2020-05-09T15:05:10Z" data-provider="dpGetWithParam" finished-at="2020-05-09T15:05:13Z">
          <params>
            <param index="0">
              <value>
                <![CDATA[1]]>
              </value>
            </param>
            <param index="1">
              <value>
                <![CDATA[1]]>
              </value>
            </param>
            <param index="2">
              <value>
                <![CDATA[tom]]>
              </value>
            </param>
            <param index="3">
              <value>
                <![CDATA[jerry]]>
              </value>
            </param>
            <param index="4">
              <value>
                <![CDATA[www.google.com]]>
              </value>
            </param>
            <param index="5">
              <value>
                <![CDATA[www.ust.com]]>
              </value>
            </param>
            <param index="6">
              <value>
                <![CDATA[www.pst.com]]>
              </value>
            </param>
            <param index="7">
              <value>
                <![CDATA[11]]>
              </value>
            </param>
            <param index="8">
              <value>
                <![CDATA[testing]]>
              </value>
            </param>
            <param index="9">
              <value>
                <![CDATA[12]]>
              </value>
            </param>
            <param index="10">
              <value>
                <![CDATA[resting]]>
              </value>
            </param>
            <param index="11">
              <value>
                <![CDATA[available]]>
              </value>
            </param>
          </params>
          <reporter-output>
          </reporter-output>
        </test-method> <!-- createPetWithData -->
        <test-method status="PASS" signature="createPetWithData(int, int, java.lang.String, java.lang.String, java.lang.String, java.lang.String, java.lang.String, int, java.lang.String, int, java.lang.String, java.lang.String)[pri:0, instance:com.demo.DataProvider_Rest@3567135c]" name="createPetWithData" duration-ms="1446" started-at="2020-05-09T15:05:13Z" data-provider="dpGetWithParam" finished-at="2020-05-09T15:05:14Z">
          <params>
            <param index="0">
              <value>
                <![CDATA[2]]>
              </value>
            </param>
            <param index="1">
              <value>
                <![CDATA[11]]>
              </value>
            </param>
            <param index="2">
              <value>
                <![CDATA[tomy]]>
              </value>
            </param>
            <param index="3">
              <value>
                <![CDATA[jerry]]>
              </value>
            </param>
            <param index="4">
              <value>
                <![CDATA[www.google.com]]>
              </value>
            </param>
            <param index="5">
              <value>
                <![CDATA[www.ust.com]]>
              </value>
            </param>
            <param index="6">
              <value>
                <![CDATA[www.pst.com]]>
              </value>
            </param>
            <param index="7">
              <value>
                <![CDATA[13]]>
              </value>
            </param>
            <param index="8">
              <value>
                <![CDATA[testing]]>
              </value>
            </param>
            <param index="9">
              <value>
                <![CDATA[15]]>
              </value>
            </param>
            <param index="10">
              <value>
                <![CDATA[resting]]>
              </value>
            </param>
            <param index="11">
              <value>
                <![CDATA[available]]>
              </value>
            </param>
          </params>
          <reporter-output>
          </reporter-output>
        </test-method> <!-- createPetWithData -->
      </class> <!-- com.demo.DataProvider_Rest -->
      <class name="com.demo.OAuth2_Test">
        <test-method status="PASS" signature="getAccessTokenViaPreemptiveAuthentication()[pri:1, instance:com.demo.OAuth2_Test@6be46e8f]" name="getAccessTokenViaPreemptiveAuthentication" duration-ms="1771" started-at="2020-05-09T15:05:28Z" finished-at="2020-05-09T15:05:29Z">
          <reporter-output>
          </reporter-output>
        </test-method> <!-- getAccessTokenViaPreemptiveAuthentication -->
        <test-method status="PASS" signature="doingPaymentWithOauth2Autentication()[pri:2, instance:com.demo.OAuth2_Test@6be46e8f]" name="doingPaymentWithOauth2Autentication" duration-ms="1705" started-at="2020-05-09T15:05:31Z" finished-at="2020-05-09T15:05:33Z">
          <reporter-output>
          </reporter-output>
        </test-method> <!-- doingPaymentWithOauth2Autentication -->
      </class> <!-- com.demo.OAuth2_Test -->
      <class name="com.demo.BasicAuthentication">
        <test-method status="PASS" signature="basicAuthenticaion()[pri:0, instance:com.demo.BasicAuthentication@60addb54]" name="basicAuthenticaion" duration-ms="11510" started-at="2020-05-09T15:04:58Z" finished-at="2020-05-09T15:05:10Z">
          <reporter-output>
          </reporter-output>
        </test-method> <!-- basicAuthenticaion -->
      </class> <!-- com.demo.BasicAuthentication -->
    </test> <!-- Test -->
  </suite> <!-- Suite -->
</testng-results>
